<?xml version="1.0" encoding="utf-8" ?>
<?xml-stylesheet type="text/xsl" href="testResultToHtml.xsl"?>
<!DOCTYPE TestResults [

<!ENTITY authenticationResults SYSTEM "../src/modules/authentication/doc/testResults.xml" >
<!ENTITY coreResults SYSTEM "../src/modules/core/doc/testResults.xml" >
<!ENTITY dbResults SYSTEM "../src/modules/db/doc/testResults.xml" >
<!ENTITY eventSchedulerResults SYSTEM "../src/modules/eventScheduler/doc/testResults.xml" >
<!ENTITY gstreamerElementsResults SYSTEM "../src/modules/gstreamerElements/doc/testResults.xml" >
<!ENTITY schedulerClientResults SYSTEM "../src/modules/schedulerClient/doc/testResults.xml" >
<!ENTITY storageClientResults SYSTEM "../src/modules/storageClient/doc/testResults.xml" >

]>
<TestResults>
&authenticationResults;
&coreResults;
&dbResults;
&eventSchedulerResults;
&gstreamerElementsResults;
<!-- disabled &playlistExecutorResults; -->
&schedulerClientResults;
&storageClientResults;
<!-- disabled &schedulerResults; -->
</TestResults>
